|SourceProjectName:Admin_Guide_Template.hpr
|DestinationProjectName:admin_guide_template.htm
whhost.js
whmsg.js
whmozemu.js
whproxy.js
whstub.js
whutils.js
whver.js
whform.js
whphost.js
whstart.js
whtopic.js
whframes.js
whlang.js
xmlreadhelper.js
whskin_info.htm
whskin_blank.htm
whskin_pickup.htm
whskin_homepage.htm
whskin_tw.htm
whnjs.htm
whthost.js
whtdhtml.htm
whihost.js
whibody.htm
whiform.htm
whfhost.js
whfbody.htm
whfform.htm
whghost.js
whgbody.htm
whgdhtml.htm
whgdef.htm
whproj.js
whproj.xml
whproj.htm
whxdata\whtoc.xml
whxdata\whidx.xml
whxdata\whglo.xml
whdata\whtoc.js
whdata\whtoc.htm
whdata\whtdata.js
whdata\whidx.js
whdata\whidx.htm
whdata\whidata.js
whdata\whglo.js
whdata\whglo.htm
whdata\whgdata.js
resource\resource.xml
whbrs.xml
whres.xml
whgdata\whnvp30.htm
whgdata\whnvp31.htm
whgdata\whnvp32.htm
whgdata\whnvp33.htm
whgdata\whnvt30.htm
whgdata\whnvt31.htm
whgdata\whnvt32.htm
whgdata\whnvt33.htm
whgdata\whnvf30.htm
whgdata\whnvf31.htm
whgdata\whnvf32.htm
whgdata\whnvf33.htm
whgdata\whnvl31.htm
whgdata\whnvl32.htm
whgdata\whnvl33.htm
whgdata\whexpbar.gif
cshdat_webhelp.htm
whcsh_home.htm
whcshdata.htm
cshdat_robohelp.htm
wht_tab0.gif
wht_tab1.gif
wht_tab2.gif
wht_tab3.gif
wht_tab4.gif
wht_tab5.gif
wht_tab6.gif
wht_tab7.gif
wht_tab8.gif
wht_glo_h.gif
wht_glo_n.gif
wht_fts_h.gif
wht_fts_n.gif
wht_idx_h.gif
wht_idx_n.gif
wht_toc_h.gif
wht_toc_n.gif
wht_ws.gif
wht_ws_g.gif
wht_logo1.gif
wht_logo2.gif
wht_abgw.jpg
wht_abgi.jpg
wht_abge.jpg
wht_abtw.jpg
wht_abte.jpg
wht_abti.jpg
wht_spac.gif
wht_next.gif
wht_next_g.gif
wht_prev.gif
wht_prev_g.gif
wht_sync.gif
wht_hide.gif
wht_go.gif
whstart.ico
whestart.ico
whrstart.ico
whidhtml.htm
whfdhtml.htm
whskin_banner.htm
whtbar.js
whskin_pdhtml.htm
whskin_plist.htm
whskin_tbars.htm
whskin_mbars.htm
wht_toc4.gif
wht_toc1.gif
wht_toc2.gif
wht_toc3.gif
whskin_frmset010.htm
whst_topics.xml
whskin_frmset01.htm
admin_guide_template_hha.hhk
admin_guide_template.hhc
admin_guide_template.hhk
activating_blocked_users.htm
adding_a_feedback_review.htm
adding_a_feedback_review_poc.htm
adding_a_feedback_review_vrm_admin.htm
adding_a_menu_item_to_a_menu.htm
adding_a_new_action_status.htm
adding_a_new_feedback_category.htm
adding_homepage_tab_to_the_quicktab_block.htm
adding_images_to_the_featured_gallery.htm
adding_mini_panels.htm
adding_notes_to_a_feedback.htm
adding_notes_to_a_feedback_pmo.htm
adding_notes_to_a_feedback_poc.htm
adding_notes_to_feedback.htm
adding_users.htm
approving_content.htm
approving_content_publisher.htm
archiving_a_feedback.htm
arranging_menu_items.htm
assigning_a_feedback.htm
blocking_users.htm
cloning_mini_panels.htm
closing_a_feedback.htm
cms_admin_filtering_content_list.htm
cms_admin_previewing_content.htm
cms_admin_sending_back_content.htm
cms_admin_sending_content_for_approval.htm
cms_admin_viewing_content_list.htm
cms_administrator.htm
cms_managing_menus.htm
cms_publisher.htm
cms_reports.htm
cms_workflow.htm
configuring_date_and_time_formats.htm
configuring_date_and_time_settings.htm
configuring_email_for_expiry_notification.htm
configuring_email_for_forward.htm
configuring_email_for_reply.htm
configuring_emails.htm
configuring_general_settings_for_captcha.htm
configuring_global_settings_for_themes.htm
configuring_image_captcha.htm
configuring_menu.htm
configuring_mini_panels.htm
configuring_recaptcha.htm
configuring_site_information.htm
configuring_text_resize_settings.htm
configuring_the_apache_solr_search_server.htm
configuring_the_content_bias_settings.htm
configuring_the_default_delay_time.htm
configuring_the_number_of_items_to_display_in_homepage_tab.htm
configuring_the_number_of_items_to_display_in_popular_catalogs_homepage_tab.htm
configuring_the_number_of_items_within_a_homepage_tab.htm
configuring_the_voting_api.htm
configuring_themes.htm
contact_admin.htm
contacting_super_administrator.htm
content_creator.htm
content_management_system_administrator.htm
content_management_system_moderator.htm
creating_blocks.htm
creating_country_data.htm
creating_faq.htm
creating_pages.htm
date_and_time_-_locale_settings.htm
deleting_a_feedback_category.htm
deleting_a_homepage_tab_from_the_quicktab_block.htm
deleting_a_menu_item.htm
deleting_a_quicktab_block.htm
deleting_an_action_status_for_a_feedback.htm
deleting_captcha.htm
deleting_content.htm
deleting_menus.htm
deleting_mini_panels.htm
deleting_the_search_index.htm
deleting_users.htm
disabling_mini_panels.htm
discarding_a_feedback.htm
editing_users.htm
enabling_mini_panels.htm
enabling_the_search_filters.htm
enabling_themes.htm
exporting_mini_panels.htm
filtering_content_list.htm
filtering_feedback_list.htm
filtering_the_list_of_content.htm
filtering_the_list_of_feedback.htm
filtering_user_list.htm
forwarding_a_feedback.htm
forwarding_a_feedback_pmo.htm
forwarding_a_feedback_poc.htm
forwarding_feedbacks.htm
glossary.htm
importing_mini_panels.htm
ip_based_login.htm
managing_accessibility_options.htm
managing_agencies.htm
managing_blocks_content.htm
managing_captcha.htm
managing_content.htm
managing_cron.htm
managing_feedback.htm
managing_feedback_categories.htm
managing_feedback_delay_time.htm
managing_feedback_status.htm
managing_global_advanced_search.htm
managing_homepage_tabs.htm
managing_homepage_tabs_sa.htm
managing_menu.htm
managing_menus.htm
managing_mini_panels.htm
managing_rss_feed_aggregator.htm
managing_site_information.htm
managing_the_action_status_for_a_feedback.htm
managing_themes.htm
managing_users.htm
marking_a_feedback_as_irrelevant.htm
ogpl_control_panel_overview.htm
ogpl_web_site_overview.htm
overview.htm
poc_bulk_operations.htm
poc_printing_feedback.htm
poc_tracking_updates.htm
poc_viewing_revision_history.htm
point_of_contact.htm
point_of_contact_overview.htm
preface.htm
previewing_content_list.htm
previewing_the_content.htm
program_management_office_overview.htm
publisher.htm
reassigning_a_feedback.htm
replying_to_a_feedback.htm
replying_to_a_feedback_pmo.htm
replying_to_feedback.htm
replying_to_feedback_pmo.htm
republishing_content.htm
resetting_apache_solr_server_settings.htm
resetting_captcha.htm
resetting_content_bias_settings.htm
resetting_site_information.htm
resetting_text_resize_settings.htm
resetting_the_weightage_for_search_fields.htm
resetting_themes.htm
reverting_a_feedback.htm
reverting_a_feedback_pmo.htm
reverting_a_feedback_poc.htm
reverting_feedback.htm
role_theme_switcher.htm
sample_styles_for_topics.htm
selecting_action_status.htm
selecting_default_theme.htm
sending_content_back_in_workflow.htm
sending_content_for_approval.htm
sending_the_content_back_to_the_content_creator.htm
setting_the_contact_us_page_view.htm
setting_the_feedback_delay_time.htm
setting_user_permissions.htm
sorting_mini_panels_list.htm
specifying_weightage_to_the_search_fields.htm
super_administrator.htm
tracking_a_feedback_category.htm
tracking_a_feedback_status.htm
tracking_contact_admin_page_visits.htm
tracking_contact_admin_updates.htm
tracking_content_revisions.htm
tracking_the_feedback_delay_time.htm
tracking_the_revisions_to_the_content.htm
tracking_updates_for_an_action_status.htm
understanding_the_content_management_system_workflow_.htm
unpublish_a_content_from_the_ogpl_web_site.htm
updating_a_block.htm
updating_a_feedback_category.htm
updating_a_page.htm
updating_agency_details.htm
updating_an_action_status_for_a_feedback.htm
updating_an_faq.htm
updating_blocks.htm
updating_blocks_content.htm
updating_content.htm
updating_country_data.htm
updating_country_data_content_creator.htm
updating_cron_run_time_interval.htm
updating_faq.htm
updating_featured_gallery.htm
updating_homepage_tabs.htm
updating_image_for_a_rotating_panel.htm
updating_images_for_a_featured_gallery.htm
updating_information_for_a_feedback_status.htm
updating_menu_item.htm
updating_menus.htm
updating_mini_panels.htm
updating_pages.htm
updating_rotating_panels.htm
updating_the_feedback_delay_time.htm
updating_the_search_index.htm
updating_user_details.htm
uploading_reference_documents.htm
user_permissions.htm
user_roles.htm
viewing_a_reply_for_a_feedback_pmo.htm
viewing_a_reply_for_a_feedback_poc.htm
viewing_agency_list.htm
viewing_blocks_content.htm
viewing_blocks_list.htm
viewing_captcha_examples.htm
viewing_content_list.htm
viewing_list_of_mini_panels.htm
viewing_list_of_themes.htm
viewing_menu_items_in_a_menu.htm
viewing_reports.htm
viewing_revision_history.htm
viewing_the_access_denied_pages_datasets_report.htm
viewing_the_assignee_wise_vrm_statistics_report.htm
viewing_the_content_list.htm
viewing_the_list_of_feedback_received.htm
viewing_the_page_not_found_error_report.htm
viewing_the_reply_for_a_feedback.htm
viewing_the_revision_history_of_a_content.htm
viewing_the_top_pages_report.htm
viewing_the_top_referrer_report.htm
viewing_the_top_search_phrases_report.htm
viewing_the_top_visitors_report.htm
viewing_the_vrm_action_metrics_report.htm
viewing_the_vrm_category_metrics_report.htm
viewing_the_vrm_delay_analysis_report.htm
viewing_the_vrm_source_metrics_report.htm
viewing_the_vrm_status_metrics_report.htm
visitor_review_management_administrator.htm
vrm_reports.htm
vrm_workflow.htm
glossary_topic.htt
admin_guide_template.glo
default.css
admin_guide_sample.css
images\delete_tab.png
search_box.png
images\edit_the_record.png
images\add_tab.png
images\drag_drop.png
images\send_back.png
images\approve_content.png
images\preview.png
images\cms_workflow.jpg
images\sendforapproval.png
images\feedback_workflow.png
admin_guide_template.ppf
ehlpdhtm.js
searchoptions.xml
robohhre.lng
whxdata\package_0.xml
whxdata\package_1.xml
whxdata\package_2.xml
whxdata\package_3.xml
whxdata\package_4.xml
whxdata\package_5.xml
whxdata\package_6.xml
whxdata\package_7.xml
whxdata\package_8.xml
whxdata\package_9.xml
whxdata\package_10.xml
whxdata\package_11.xml
whxdata\package_12.xml
whxdata\package_13.xml
whxdata\package_14.xml
whxdata\package_15.xml
whxdata\package_16.xml
whxdata\package_17.xml
whxdata\package_18.xml
whxdata\package_19.xml
whxdata\package_20.xml
whxdata\package_21.xml
whxdata\package_22.xml
whxdata\package_23.xml
whxdata\package_24.xml
whxdata\package_25.xml
whxdata\package_26.xml
whxdata\package_27.xml
whxdata\package_28.xml
whxdata\package_29.xml
whxdata\packageindex.xml
whxdata\synonym.xml
whxdata\topictable_0.xml
whxdata\topictable_1.xml
whxdata\topictable_2.xml
whxdata\topictable_3.xml
whxdata\topictableindex.xml
whxdata\whfts.xml
whxdata\whtdata0.xml
whxdata\whtdata1.xml
whxdata\whtdata2.xml
whxdata\whtdata3.xml
whxdata\whtdata4.xml
whxdata\whtdata5.xml
whxdata\whidata0.xml
whxdata\whidata1.xml
whxdata\whidata2.xml
whxdata\whidata3.xml
whxdata\whidata4.xml
whxdata\whidata5.xml
whxdata\whidata6.xml
whxdata\whidata7.xml
whxdata\whidata8.xml
whdata\whtdata0.htm
whdata\whtdata1.htm
whdata\whtdata2.htm
whdata\whtdata3.htm
whdata\whtdata4.htm
whdata\whtdata5.htm
whdata\whidata0.htm
whdata\whidata1.htm
whdata\whidata2.htm
whdata\whidata3.htm
whdata\whidata4.htm
whdata\whidata5.htm
whdata\whidata6.htm
whdata\whidata7.htm
whdata\whidata8.htm
whgdata\whlstt0.htm
whgdata\whlstt1.htm
whgdata\whlstt2.htm
whgdata\whlstt3.htm
whgdata\whlstt4.htm
whgdata\whlstt5.htm
whgdata\whlstt6.htm
whgdata\whlstt7.htm
whgdata\whlstt8.htm
whgdata\whlstt9.htm
whgdata\whlstt10.htm
whgdata\whlstt11.htm
whgdata\whlstt12.htm
whgdata\whlstt13.htm
whgdata\whlstt14.htm
whgdata\whlstt15.htm
whgdata\whlstt16.htm
whgdata\whlstt17.htm
whgdata\whlstt18.htm
whgdata\whlstt19.htm
whgdata\whlstt20.htm
whgdata\whlstt21.htm
whgdata\whlstt22.htm
whgdata\whlstt23.htm
whgdata\whlstt24.htm
whgdata\whlstt25.htm
whgdata\whlstt26.htm
whgdata\whlstt27.htm
whgdata\whlstt28.htm
whgdata\whlstt29.htm
whgdata\whlstt30.htm
whgdata\whlstt31.htm
whgdata\whlstt32.htm
whgdata\whlstt33.htm
whgdata\whlstt34.htm
whgdata\whlstt35.htm
whgdata\whlstt36.htm
whgdata\whlstt37.htm
whgdata\whlstt38.htm
whgdata\whlstt39.htm
whgdata\whlstt40.htm
whgdata\whlstt41.htm
whgdata\whlstt42.htm
whgdata\whlstt43.htm
whgdata\whlstt44.htm
whgdata\whlstt45.htm
whgdata\whlstt46.htm
whgdata\whlstt47.htm
whgdata\whlstt48.htm
whgdata\whlstt49.htm
whgdata\whlstt50.htm
whgdata\whlstt51.htm
whgdata\whlstt52.htm
whgdata\whlstt53.htm
whgdata\whlstt54.htm
whgdata\whlstt55.htm
whgdata\whlstt56.htm
whgdata\whlstt57.htm
whgdata\whlstt58.htm
whgdata\whlstt59.htm
whgdata\whlstt60.htm
whgdata\whlstt61.htm
whgdata\whlstt62.htm
whgdata\whlstt63.htm
whgdata\whlstt64.htm
whgdata\whlstt65.htm
whgdata\whlstt66.htm
whgdata\whlstt67.htm
whgdata\whlstt68.htm
whgdata\whlstt69.htm
whgdata\whlstt70.htm
whgdata\whlstt71.htm
whgdata\whlstt72.htm
whgdata\whlstt73.htm
whgdata\whlstt74.htm
whgdata\whlsti0.htm
whgdata\whlsti1.htm
whgdata\whlsti2.htm
whgdata\whlsti3.htm
whgdata\whlstfl0.htm
whgdata\whlstfl1.htm
whgdata\whlstfl2.htm
whgdata\whlstfl3.htm
whgdata\whlstfl4.htm
whgdata\whlstfl5.htm
whgdata\whlstfl6.htm
whgdata\whlstfl7.htm
whgdata\whlstfl8.htm
whgdata\whlstfl9.htm
whgdata\whlstfl10.htm
whgdata\whlstfl11.htm
whgdata\whlstfl12.htm
whgdata\whlstfl13.htm
whgdata\whlstfl14.htm
whgdata\whlstfl15.htm
whgdata\whlstfl16.htm
whgdata\whlstfl17.htm
whgdata\whlstfl18.htm
whgdata\whlstfl19.htm
whgdata\whlstfl20.htm
whgdata\whlstfl21.htm
whgdata\whlstfl22.htm
whgdata\whlstfl23.htm
whgdata\whlstfl24.htm
whgdata\whlstfl25.htm
whgdata\whlstf0.htm
whgdata\whlstf1.htm
whgdata\whlstf2.htm
whgdata\whlstf3.htm
whgdata\whlstf4.htm
whgdata\whlstf5.htm
whgdata\whlstf6.htm
whgdata\whlstf7.htm
whgdata\whlstf8.htm
whgdata\whlstf9.htm
whgdata\whlstf10.htm
whgdata\whlstf11.htm
whgdata\whlstf12.htm
whgdata\whlstf13.htm
whgdata\whlstf14.htm
whgdata\whlstf15.htm
whgdata\whlstf16.htm
whgdata\whlstf17.htm
whgdata\whlstf18.htm
whgdata\whlstf19.htm
whgdata\whlstf20.htm
whgdata\whlstf21.htm
whgdata\whlstf22.htm
whgdata\whlstf23.htm
whgdata\whlstf24.htm
whgdata\whlstf25.htm
whgdata\whlstf26.htm
whgdata\whlstf27.htm
whgdata\whlstf28.htm
whgdata\whlstf29.htm
whgdata\whlstf30.htm
whgdata\whlstf31.htm
whgdata\whlstf32.htm
whgdata\whlstf33.htm
whgdata\whlstg0.htm
admin_guide_template.htm
admin_guide_template_csh.htm
admin_guide_template_rhc.htm
